# JRE version: Java(TM) SE Runtime Environment (8.0_341-b10) (build 1.8.0_341-b10)
# Java VM: Java HotSpot(TM) 64-Bit Server VM (25.341-b10 mixed mode windows-amd64 compressed oops)
Heap:
 PSYoungGen      total 73216K, used 60590K [0x000000076c780000, 0x0000000775200000, 0x00000007c0000000)
  eden space 62464K, 97% used [0x000000076c780000,0x00000007702abb20,0x0000000770480000)
  from space 10752K, 0% used [0x0000000770f80000,0x0000000770f80000,0x0000000771a00000)
  to   space 11264K, 54% used [0x0000000770480000,0x0000000770a8c508,0x0000000770f80000)
 ParOldGen       total 79872K, used 16801K [0x00000006c5600000, 0x00000006ca400000, 0x000000076c780000)
  object space 79872K, 21% used [0x00000006c5600000,0x00000006c6668658,0x00000006ca400000)
 Metaspace       used 38285K, capacity 39856K, committed 39976K, reserved 1087488K
  class space    used 4865K, capacity 5402K, committed 5416K, reserved 1048576K
GC Heap History (10 events):
Event: 19.155 GC heap after
Heap after GC invocations=4 (full 0):
 PSYoungGen      total 75264K, used 8048K [0x000000076c780000, 0x0000000775a80000, 0x00000007c0000000)
  eden space 64512K, 0% used [0x000000076c780000,0x000000076c780000,0x0000000770680000)
  from space 10752K, 74% used [0x0000000771100000,0x00000007718dc378,0x0000000771b80000)
  to   space 10752K, 0% used [0x0000000770680000,0x0000000770680000,0x0000000771100000)
 ParOldGen       total 172032K, used 722K [0x00000006c5600000, 0x00000006cfe00000, 0x000000076c780000)
  object space 172032K, 0% used [0x00000006c5600000,0x00000006c56b4a00,0x00000006cfe00000)
 Metaspace       used 20043K, capacity 21208K, committed 21296K, reserved 1067008K
  class space    used 2413K, capacity 2818K, committed 2864K, reserved 1048576K
}
Event: 19.155 GC heap before
{Heap before GC invocations=5 (full 1):
 PSYoungGen      total 75264K, used 8048K [0x000000076c780000, 0x0000000775a80000, 0x00000007c0000000)
  eden space 64512K, 0% used [0x000000076c780000,0x000000076c780000,0x0000000770680000)
  from space 10752K, 74% used [0x0000000771100000,0x00000007718dc378,0x0000000771b80000)
  to   space 10752K, 0% used [0x0000000770680000,0x0000000770680000,0x0000000771100000)
 ParOldGen       total 172032K, used 722K [0x00000006c5600000, 0x00000006cfe00000, 0x000000076c780000)
  object space 172032K, 0% used [0x00000006c5600000,0x00000006c56b4a00,0x00000006cfe00000)
 Metaspace       used 20043K, capacity 21208K, committed 21296K, reserved 1067008K
  class space    used 2413K, capacity 2818K, committed 2864K, reserved 1048576K
Event: 19.177 GC heap after
Heap after GC invocations=5 (full 1):
 PSYoungGen      total 75264K, used 0K [0x000000076c780000, 0x0000000775a80000, 0x00000007c0000000)
  eden space 64512K, 0% used [0x000000076c780000,0x000000076c780000,0x0000000770680000)
  from space 10752K, 0% used [0x0000000771100000,0x0000000771100000,0x0000000771b80000)
  to   space 10752K, 0% used [0x0000000770680000,0x0000000770680000,0x0000000771100000)
 ParOldGen       total 79872K, used 8441K [0x00000006c5600000, 0x00000006ca400000, 0x000000076c780000)
  object space 79872K, 10% used [0x00000006c5600000,0x00000006c5e3e648,0x00000006ca400000)
 Metaspace       used 20043K, capacity 21208K, committed 21296K, reserved 1067008K
  class space    used 2413K, capacity 2818K, committed 2864K, reserved 1048576K
}
Event: 23.293 GC heap before
{Heap before GC invocations=6 (full 1):
 PSYoungGen      total 75264K, used 64512K [0x000000076c780000, 0x0000000775a80000, 0x00000007c0000000)
  eden space 64512K, 100% used [0x000000076c780000,0x0000000770680000,0x0000000770680000)
  from space 10752K, 0% used [0x0000000771100000,0x0000000771100000,0x0000000771b80000)
  to   space 10752K, 0% used [0x0000000770680000,0x0000000770680000,0x0000000771100000)
 ParOldGen       total 79872K, used 8441K [0x00000006c5600000, 0x00000006ca400000, 0x000000076c780000)
  object space 79872K, 10% used [0x00000006c5600000,0x00000006c5e3e648,0x00000006ca400000)
 Metaspace       used 28641K, capacity 30126K, committed 30384K, reserved 1075200K
  class space    used 3401K, capacity 3895K, committed 4016K, reserved 1048576K
Event: 23.299 GC heap after
Heap after GC invocations=6 (full 1):
 PSYoungGen      total 72192K, used 9060K [0x000000076c780000, 0x0000000771a00000, 0x00000007c0000000)
  eden space 62976K, 0% used [0x000000076c780000,0x000000076c780000,0x0000000770500000)
  from space 9216K, 98% used [0x0000000770680000,0x0000000770f59140,0x0000000770f80000)
  to   space 10752K, 0% used [0x0000000770f80000,0x0000000770f80000,0x0000000771a00000)
 ParOldGen       total 79872K, used 8449K [0x00000006c5600000, 0x00000006ca400000, 0x000000076c780000)
  object space 79872K, 10% used [0x00000006c5600000,0x00000006c5e40648,0x00000006ca400000)
 Metaspace       used 28641K, capacity 30126K, committed 30384K, reserved 1075200K
  class space    used 3401K, capacity 3895K, committed 4016K, reserved 1048576K
}
Event: 23.922 GC heap before
{Heap before GC invocations=7 (full 1):
 PSYoungGen      total 72192K, used 54350K [0x000000076c780000, 0x0000000771a00000, 0x00000007c0000000)
  eden space 62976K, 71% used [0x000000076c780000,0x000000076f3ba6e0,0x0000000770500000)
  from space 9216K, 98% used [0x0000000770680000,0x0000000770f59140,0x0000000770f80000)
  to   space 10752K, 0% used [0x0000000770f80000,0x0000000770f80000,0x0000000771a00000)
 ParOldGen       total 79872K, used 8449K [0x00000006c5600000, 0x00000006ca400000, 0x000000076c780000)
  object space 79872K, 10% used [0x00000006c5600000,0x00000006c5e40648,0x00000006ca400000)
 Metaspace       used 33815K, capacity 35382K, committed 35496K, reserved 1079296K
  class space    used 4176K, capacity 4687K, committed 4776K, reserved 1048576K
Event: 23.929 GC heap after
Heap after GC invocations=7 (full 1):
 PSYoungGen      total 73216K, used 9908K [0x000000076c780000, 0x0000000775200000, 0x00000007c0000000)
  eden space 62464K, 0% used [0x000000076c780000,0x000000076c780000,0x0000000770480000)
  from space 10752K, 92% used [0x0000000770f80000,0x000000077192d030,0x0000000771a00000)
  to   space 11264K, 0% used [0x0000000770480000,0x0000000770480000,0x0000000770f80000)
 ParOldGen       total 79872K, used 8457K [0x00000006c5600000, 0x00000006ca400000, 0x000000076c780000)
  object space 79872K, 10% used [0x00000006c5600000,0x00000006c5e42648,0x00000006ca400000)
 Metaspace       used 33815K, capacity 35382K, committed 35496K, reserved 1079296K
  class space    used 4176K, capacity 4687K, committed 4776K, reserved 1048576K
}
Event: 23.929 GC heap before
{Heap before GC invocations=8 (full 2):
 PSYoungGen      total 73216K, used 9908K [0x000000076c780000, 0x0000000775200000, 0x00000007c0000000)
  eden space 62464K, 0% used [0x000000076c780000,0x000000076c780000,0x0000000770480000)
  from space 10752K, 92% used [0x0000000770f80000,0x000000077192d030,0x0000000771a00000)
  to   space 11264K, 0% used [0x0000000770480000,0x0000000770480000,0x0000000770f80000)
 ParOldGen       total 79872K, used 8457K [0x00000006c5600000, 0x00000006ca400000, 0x000000076c780000)
  object space 79872K, 10% used [0x00000006c5600000,0x00000006c5e42648,0x00000006ca400000)
 Metaspace       used 33815K, capacity 35382K, committed 35496K, reserved 1079296K
  class space    used 4176K, capacity 4687K, committed 4776K, reserved 1048576K
Event: 23.970 GC heap after
Heap after GC invocations=8 (full 2):
 PSYoungGen      total 73216K, used 0K [0x000000076c780000, 0x0000000775200000, 0x00000007c0000000)
  eden space 62464K, 0% used [0x000000076c780000,0x000000076c780000,0x0000000770480000)
  from space 10752K, 0% used [0x0000000770f80000,0x0000000770f80000,0x0000000771a00000)
  to   space 11264K, 0% used [0x0000000770480000,0x0000000770480000,0x0000000770f80000)
 ParOldGen       total 79872K, used 16793K [0x00000006c5600000, 0x00000006ca400000, 0x000000076c780000)
  object space 79872K, 21% used [0x00000006c5600000,0x00000006c6666658,0x00000006ca400000)
 Metaspace       used 33815K, capacity 35382K, committed 35496K, reserved 1079296K
  class space    used 4176K, capacity 4687K, committed 4776K, reserved 1048576K
}
Event: 24.576 GC heap before
{Heap before GC invocations=9 (full 2):
 PSYoungGen      total 73216K, used 60590K [0x000000076c780000, 0x0000000775200000, 0x00000007c0000000)
  eden space 62464K, 97% used [0x000000076c780000,0x00000007702abb20,0x0000000770480000)
  from space 10752K, 0% used [0x0000000770f80000,0x0000000770f80000,0x0000000771a00000)
  to   space 11264K, 0% used [0x0000000770480000,0x0000000770480000,0x0000000770f80000)
 ParOldGen       total 79872K, used 16793K [0x00000006c5600000, 0x00000006ca400000, 0x000000076c780000)
  object space 79872K, 21% used [0x00000006c5600000,0x00000006c6666658,0x00000006ca400000)
 Metaspace       used 38285K, capacity 39856K, committed 39976K, reserved 1087488K
  class space    used 4865K, capacity 5402K, committed 5416K, reserved 1048576K

